============================================
  FULL SYNC: 2026-07-06 11:31:29
============================================
  Added:   7
  Updated: 4
  Skipped: 2120
--------------------------------------------

============================================
  FULL SYNC: 2026-07-07 18:16:08
============================================
  Added:   32
  Updated: 0
  Skipped: 1833
--------------------------------------------

============================================
  FULL SYNC: 2026-07-07 18:23:32
============================================
  Added:   0
  Updated: 0
  Skipped: 1865
--------------------------------------------

============================================
  FULL SYNC: 2026-07-11 05:32:34
============================================
  Added:   6
  Updated: 0
  Skipped: 1872
--------------------------------------------

============================================
  FULL SYNC: 2026-07-18 05:32:39
============================================
  Added:   4
  Updated: 4
  Skipped: 1884
--------------------------------------------

